


ARM Macro Assembler    Page 1 


    1 00000000                 AREA             RESET,DATA,READONLY
    2 00000000                 EXPORT           __Vectors
    3 00000000         __Vectors
    4 00000000 10001000        DCD              0x10001000
    5 00000004 00000000        DCD              Reset_Handler
    6 00000008                 ALIGN
    7 00000008                 AREA             mycode,CODE,READONLY
    8 00000000                 ENTRY
    9 00000000                 EXPORT           Reset_Handler
   10 00000000         Reset_Handler
   11 00000000 F04F 000A       MOV              R0,#0xA
   12 00000004 4D07            LDR              R5,=RESULT
   13 00000006 F04F 0101       MOV              R1,#1
   14 0000000A F04F 0201       MOV              R2,#1
   15 0000000E F04F 0400       MOV              R4,#0
   16 00000012 FB04 2401 
                       L1      MLA              R4,R4,R1,R2
   17 00000016 F102 0201       ADD              R2,#1
   18 0000001A 4282            CMP              R2,R0
   19 0000001C D9F9            BLS              L1
   20 0000001E 602C            STR              R4,[R5]
   21 00000020         STOP
   22 00000020 E7FE            B                STOP
   23 00000022 00 00 00000000  AREA             MDATA,DATA,READWRITE
   24 00000000 00000000 
                       RESULT  DCD              0
   25 00000004                 END
Command Line: --debug --xref --cpu=Cortex-M3 --apcs=interwork --depend=.\q2.d -
o.\q2.o -IC:\Keil\ARM\RV31\INC -IC:\Keil\ARM\CMSIS\Include -IC:\Keil\ARM\Inc\NX
P\LPC17xx --predefine="__EVAL SETA 1" --list=.\q2.lst q2.s



ARM Macro Assembler    Page 1 Alphabetic symbol ordering
Relocatable symbols

RESET 00000000

Symbol: RESET
   Definitions
      At line 1 in file q2.s
   Uses
      None
Comment: RESET unused
__Vectors 00000000

Symbol: __Vectors
   Definitions
      At line 3 in file q2.s
   Uses
      At line 2 in file q2.s
Comment: __Vectors used once
2 symbols



ARM Macro Assembler    Page 1 Alphabetic symbol ordering
Relocatable symbols

L1 00000012

Symbol: L1
   Definitions
      At line 16 in file q2.s
   Uses
      At line 19 in file q2.s
Comment: L1 used once
Reset_Handler 00000000

Symbol: Reset_Handler
   Definitions
      At line 10 in file q2.s
   Uses
      At line 5 in file q2.s
      At line 9 in file q2.s

STOP 00000020

Symbol: STOP
   Definitions
      At line 21 in file q2.s
   Uses
      At line 22 in file q2.s
Comment: STOP used once
mycode 00000000

Symbol: mycode
   Definitions
      At line 7 in file q2.s
   Uses
      None
Comment: mycode unused
4 symbols



ARM Macro Assembler    Page 1 Alphabetic symbol ordering
Relocatable symbols

MDATA 00000000

Symbol: MDATA
   Definitions
      At line 23 in file q2.s
   Uses
      None
Comment: MDATA unused
RESULT 00000000

Symbol: RESULT
   Definitions
      At line 24 in file q2.s
   Uses
      At line 12 in file q2.s
Comment: RESULT used once
2 symbols
341 symbols in table
