


ARM Macro Assembler    Page 1 


    1 00000000                 AREA             RESET,DATA,READONLY
    2 00000000                 EXPORT           __Vectors
    3 00000000         __Vectors
    4 00000000 10001000        DCD              0x10001000
    5 00000004 00000000        DCD              Reset_Handler
    6 00000008                 ALIGN
    7 00000008                 AREA             mycode,CODE,READONLY
    8 00000000                 ENTRY
    9 00000000                 EXPORT           Reset_Handler
   10 00000000         Reset_Handler
   11 00000000 4810            LDR              R0,=N1
   12 00000002 6801            LDR              R1,[R0]
   13 00000004 4810            LDR              R0,=N2
   14 00000006 6802            LDR              R2,[R0]
   15 00000008 FB01 F302       MUL              R3,R1,R2
   16 0000000C 4E0F            LDR              R6,=GCD
   17 0000000E 4F10            LDR              R7,=LCM
   18 00000010 F04F 0800       MOV              R8,#0
   19 00000014 4291    BACK    CMP              R1,R2
   20 00000016 D006            BEQ              UP
   21 00000018 D202            BCS              DOWN
   22 0000001A EBA2 0201       SUB              R2,R1
   23 0000001E E7F9            B                BACK
   24 00000020 EBA1 0102 
                       DOWN    SUB              R1,R2
   25 00000024 E7F6            B                BACK
   26 00000026 EBA3 0302 
                       UP      SUB              R3,R3,R2
   27 0000002A F108 0801       ADD              R8,#1
   28 0000002E 4293            CMP              R3,R2
   29 00000030 DAF9            BGE              UP
   30 00000032 F8C7 8000       STR              R8,[R7]
   31 00000036 7032            STRB             R2,[R6]
   32 00000038 E7FE    STOP    B                STOP
   33 0000003A 00 00 0000001E 
                       N1      DCD              30
   34 00000040 0000002A 
                       N2      DCD              42
   35 00000044 00000000 
              00000000 
              00000000 
              00000000         AREA             mydata,DATA,READWRITE
   36 00000000 00000000 
                       GCD     DCD              0
   37 00000004 00000000 
                       LCM     DCD              0
   38 00000008                 END
Command Line: --debug --xref --cpu=Cortex-M3 --apcs=interwork --depend=.\q3.d -
o.\q3.o -IC:\Keil\ARM\RV31\INC -IC:\Keil\ARM\CMSIS\Include -IC:\Keil\ARM\Inc\NX
P\LPC17xx --predefine="__EVAL SETA 1" --list=.\q3.lst q3.s



ARM Macro Assembler    Page 1 Alphabetic symbol ordering
Relocatable symbols

RESET 00000000

Symbol: RESET
   Definitions
      At line 1 in file q3.s
   Uses
      None
Comment: RESET unused
__Vectors 00000000

Symbol: __Vectors
   Definitions
      At line 3 in file q3.s
   Uses
      At line 2 in file q3.s
Comment: __Vectors used once
2 symbols



ARM Macro Assembler    Page 1 Alphabetic symbol ordering
Relocatable symbols

BACK 00000014

Symbol: BACK
   Definitions
      At line 19 in file q3.s
   Uses
      At line 23 in file q3.s
      At line 25 in file q3.s

DOWN 00000020

Symbol: DOWN
   Definitions
      At line 24 in file q3.s
   Uses
      At line 21 in file q3.s
Comment: DOWN used once
N1 0000003C

Symbol: N1
   Definitions
      At line 33 in file q3.s
   Uses
      At line 11 in file q3.s
Comment: N1 used once
N2 00000040

Symbol: N2
   Definitions
      At line 34 in file q3.s
   Uses
      At line 13 in file q3.s
Comment: N2 used once
Reset_Handler 00000000

Symbol: Reset_Handler
   Definitions
      At line 10 in file q3.s
   Uses
      At line 5 in file q3.s
      At line 9 in file q3.s

STOP 00000038

Symbol: STOP
   Definitions
      At line 32 in file q3.s
   Uses
      At line 32 in file q3.s
Comment: STOP used once
UP 00000026

Symbol: UP
   Definitions
      At line 26 in file q3.s
   Uses
      At line 20 in file q3.s
      At line 29 in file q3.s




ARM Macro Assembler    Page 2 Alphabetic symbol ordering
Relocatable symbols

mycode 00000000

Symbol: mycode
   Definitions
      At line 7 in file q3.s
   Uses
      None
Comment: mycode unused
8 symbols



ARM Macro Assembler    Page 1 Alphabetic symbol ordering
Relocatable symbols

GCD 00000000

Symbol: GCD
   Definitions
      At line 36 in file q3.s
   Uses
      At line 16 in file q3.s
Comment: GCD used once
LCM 00000004

Symbol: LCM
   Definitions
      At line 37 in file q3.s
   Uses
      At line 17 in file q3.s
Comment: LCM used once
mydata 00000000

Symbol: mydata
   Definitions
      At line 35 in file q3.s
   Uses
      None
Comment: mydata unused
3 symbols
346 symbols in table
