


ARM Macro Assembler    Page 1 


    1 00000000                 AREA             RESET, DATA, READONLY
    2 00000000                 EXPORT           __Vectors
    3 00000000         __Vectors
    4 00000000 10001000        DCD              0X10001000
    5 00000004 00000000        DCD              Reset_Handler
    6 00000008                 ALIGN
    7 00000008                 AREA             mycode, CODE, READONLY
    8 00000000                 ENTRY
    9 00000000                 EXPORT           Reset_Handler
   10 00000000         Reset_Handler
   11 00000000 480F            LDR              R0,=NUM
   12 00000002 4E10            LDR              R6,=RESULT
   13 00000004 F04F 0200       MOV              R2,#0
   14 00000008 F04F 0500       MOV              R5,#0
   15 0000000C 6804            LDR              R4,[R0]
   16 0000000E 2C64    UP      CMP              R4,#100
   17 00000010 D303            BLO              L1
   18 00000012 3C64            SUBS             R4,#100
   19 00000014 F102 0201       ADD              R2, R2,#1
   20 00000018 D1F9            BNE              UP
   21 0000001A 2C0A    L1      CMP              R4,#10
   22 0000001C D303            BLO              L2
   23 0000001E 3C0A            SUBS             R4,#10
   24 00000020 F105 0501       ADD              R5, R5,#1
   25 00000024 D1F9            BNE              L1
   26 00000026 EA4F 1505 
                       L2      LSL              R5,R5,#4
   27 0000002A EA44 0805       ORR              R8,R4, R5
   28 0000002E EA4F 2902       LSL              R9,R2, #8
   29 00000032 EA48 0909       ORR              R9,R8, R9
   30 00000036 F8C6 9000       STR              R9,[R6]
   31 0000003A         STOP
   32 0000003A E7FE            B                STOP
   33 0000003C 000000FF 
                       NUM     DCD              0xFF
   34 00000040 00000000 
              00000000         AREA             mydata, DATA, READWRITE
   35 00000000 00000000 
              00000000 
              00000000 
              00000000 
              00000000 
              00000000 
              00000000 
              00000000 
              00000000 
              00000000 RESULT  DCD              0,0,0,0,0,0,0,0,0,0
   36 00000028                 END
Command Line: --debug --xref --cpu=Cortex-M3 --apcs=interwork --depend=.\q2.d -
o.\q2.o -IC:\Keil\ARM\RV31\INC -IC:\Keil\ARM\CMSIS\Include -IC:\Keil\ARM\Inc\NX
P\LPC17xx --predefine="__EVAL SETA 1" --list=.\q2.lst q2.s



ARM Macro Assembler    Page 1 Alphabetic symbol ordering
Relocatable symbols

RESET 00000000

Symbol: RESET
   Definitions
      At line 1 in file q2.s
   Uses
      None
Comment: RESET unused
__Vectors 00000000

Symbol: __Vectors
   Definitions
      At line 3 in file q2.s
   Uses
      At line 2 in file q2.s
Comment: __Vectors used once
2 symbols



ARM Macro Assembler    Page 1 Alphabetic symbol ordering
Relocatable symbols

L1 0000001A

Symbol: L1
   Definitions
      At line 21 in file q2.s
   Uses
      At line 17 in file q2.s
      At line 25 in file q2.s

L2 00000026

Symbol: L2
   Definitions
      At line 26 in file q2.s
   Uses
      At line 22 in file q2.s
Comment: L2 used once
NUM 0000003C

Symbol: NUM
   Definitions
      At line 33 in file q2.s
   Uses
      At line 11 in file q2.s
Comment: NUM used once
Reset_Handler 00000000

Symbol: Reset_Handler
   Definitions
      At line 10 in file q2.s
   Uses
      At line 5 in file q2.s
      At line 9 in file q2.s

STOP 0000003A

Symbol: STOP
   Definitions
      At line 31 in file q2.s
   Uses
      At line 32 in file q2.s
Comment: STOP used once
UP 0000000E

Symbol: UP
   Definitions
      At line 16 in file q2.s
   Uses
      At line 20 in file q2.s
Comment: UP used once
mycode 00000000

Symbol: mycode
   Definitions
      At line 7 in file q2.s
   Uses
      None
Comment: mycode unused
7 symbols



ARM Macro Assembler    Page 1 Alphabetic symbol ordering
Relocatable symbols

RESULT 00000000

Symbol: RESULT
   Definitions
      At line 35 in file q2.s
   Uses
      At line 12 in file q2.s
Comment: RESULT used once
mydata 00000000

Symbol: mydata
   Definitions
      At line 34 in file q2.s
   Uses
      None
Comment: mydata unused
2 symbols
344 symbols in table
