


ARM Macro Assembler    Page 1 


    1 00000000                 AREA             RESET,DATA,READONLY
    2 00000000                 EXPORT           __Vectors
    3 00000000         __Vectors
    4 00000000 10001000        DCD              0x10001000
    5 00000004 00000000        DCD              Reset_Handler
    6 00000008                 ALIGN
    7 00000008                 AREA             mycode,CODE,READONLY
    8 00000000                 ENTRY
    9 00000000                 EXPORT           Reset_Handler
   10 00000000         Reset_Handler
   11 00000000 480B            LDR              R0,=NUM
   12 00000002 490C            LDR              R1,=FACTORIAL
   13 00000004 6802            LDR              R2,[R0]
   14 00000006 F04F 0301       MOV              R3,#1
   15 0000000A F000 F802       BL               FACT
   16 0000000E 600B            STR              R3,[R1]
   17 00000010         STOP
   18 00000010 E7FE            B                STOP
   19 00000012         FACT
   20 00000012 B504            PUSH             {R2,LR}
   21 00000014 F1A2 0201       SUB              R2,#1
   22 00000018 2A01            CMP              R2,#1
   23 0000001A D100            BNE              DOWN
   24 0000001C E001            B                DOWN1
   25 0000001E         DOWN
   26 0000001E F7FF FFF8       BL               FACT
   27 00000022         DOWN1
   28 00000022 E8BD 4004       POP              {R2,LR}
   29 00000026 FB03 F302       MUL              R3,R2
   30 0000002A 4770            BX               LR
   31 0000002C 00000005 
                       NUM     DCD              5
   32 00000030 00000000 
              00000000         AREA             mydata,DATA,READWRITE
   33 00000000 00000000 
                       FACTORIAL
                               DCD              0
   34 00000004                 END
Command Line: --debug --xref --cpu=Cortex-M3 --apcs=interwork --depend=.\q2.d -
o.\q2.o -IC:\Keil\ARM\RV31\INC -IC:\Keil\ARM\CMSIS\Include -IC:\Keil\ARM\Inc\NX
P\LPC17xx --predefine="__EVAL SETA 1" --list=.\q2.lst q2.s



ARM Macro Assembler    Page 1 Alphabetic symbol ordering
Relocatable symbols

RESET 00000000

Symbol: RESET
   Definitions
      At line 1 in file q2.s
   Uses
      None
Comment: RESET unused
__Vectors 00000000

Symbol: __Vectors
   Definitions
      At line 3 in file q2.s
   Uses
      At line 2 in file q2.s
Comment: __Vectors used once
2 symbols



ARM Macro Assembler    Page 1 Alphabetic symbol ordering
Relocatable symbols

DOWN 0000001E

Symbol: DOWN
   Definitions
      At line 25 in file q2.s
   Uses
      At line 23 in file q2.s
Comment: DOWN used once
DOWN1 00000022

Symbol: DOWN1
   Definitions
      At line 27 in file q2.s
   Uses
      At line 24 in file q2.s
Comment: DOWN1 used once
FACT 00000012

Symbol: FACT
   Definitions
      At line 19 in file q2.s
   Uses
      At line 15 in file q2.s
      At line 26 in file q2.s

NUM 0000002C

Symbol: NUM
   Definitions
      At line 31 in file q2.s
   Uses
      At line 11 in file q2.s
Comment: NUM used once
Reset_Handler 00000000

Symbol: Reset_Handler
   Definitions
      At line 10 in file q2.s
   Uses
      At line 5 in file q2.s
      At line 9 in file q2.s

STOP 00000010

Symbol: STOP
   Definitions
      At line 17 in file q2.s
   Uses
      At line 18 in file q2.s
Comment: STOP used once
mycode 00000000

Symbol: mycode
   Definitions
      At line 7 in file q2.s
   Uses
      None
Comment: mycode unused
7 symbols



ARM Macro Assembler    Page 1 Alphabetic symbol ordering
Relocatable symbols

FACTORIAL 00000000

Symbol: FACTORIAL
   Definitions
      At line 33 in file q2.s
   Uses
      At line 12 in file q2.s
Comment: FACTORIAL used once
mydata 00000000

Symbol: mydata
   Definitions
      At line 32 in file q2.s
   Uses
      None
Comment: mydata unused
2 symbols
344 symbols in table
